{"/root/tdd/cc-5-assignment-1/src/fib.js": {"path":"/root/tdd/cc-5-assignment-1/src/fib.js","all":true,"statementMap":{"0":{"start":{"line":1,"column":0},"end":{"line":1,"column":28}},"1":{"start":{"line":2,"column":0},"end":{"line":2,"column":82}},"2":{"start":{"line":3,"column":0},"end":{"line":3,"column":21}},"3":{"start":{"line":4,"column":0},"end":{"line":4,"column":63}},"4":{"start":{"line":5,"column":0},"end":{"line":5,"column":62}},"5":{"start":{"line":6,"column":0},"end":{"line":6,"column":18}},"6":{"start":{"line":7,"column":0},"end":{"line":7,"column":13}},"7":{"start":{"line":8,"column":0},"end":{"line":8,"column":18}},"8":{"start":{"line":9,"column":0},"end":{"line":9,"column":13}},"9":{"start":{"line":10,"column":0},"end":{"line":10,"column":40}},"10":{"start":{"line":11,"column":0},"end":{"line":11,"column":1}},"11":{"start":{"line":12,"column":0},"end":{"line":12,"column":36}},"12":{"start":{"line":13,"column":0},"end":{"line":13,"column":36}},"13":{"start":{"line":14,"column":0},"end":{"line":14,"column":71}},"14":{"start":{"line":15,"column":0},"end":{"line":15,"column":71}},"15":{"start":{"line":16,"column":0},"end":{"line":16,"column":71}},"16":{"start":{"line":17,"column":0},"end":{"line":17,"column":71}},"17":{"start":{"line":18,"column":0},"end":{"line":18,"column":71}},"18":{"start":{"line":19,"column":0},"end":{"line":19,"column":71}},"19":{"start":{"line":20,"column":0},"end":{"line":20,"column":71}}},"s":{"0":0,"1":0,"2":0,"3":0,"4":0,"5":0,"6":0,"7":0,"8":0,"9":0,"10":0,"11":0,"12":0,"13":0,"14":0,"15":0,"16":0,"17":0,"18":0,"19":0},"branchMap":{"0":{"type":"branch","line":1,"loc":{"start":{"line":1,"column":0},"end":{"line":20,"column":71}},"locations":[{"start":{"line":1,"column":0},"end":{"line":20,"column":71}}]}},"b":{"0":[0]},"fnMap":{"0":{"name":"(empty-report)","decl":{"start":{"line":1,"column":0},"end":{"line":20,"column":71}},"loc":{"start":{"line":1,"column":0},"end":{"line":20,"column":71}},"line":1}},"f":{"0":0}}
,"/root/tdd/cc-5-assignment-1/src/linkedlist.js": {"path":"/root/tdd/cc-5-assignment-1/src/linkedlist.js","all":false,"statementMap":{"0":{"start":{"line":1,"column":0},"end":{"line":1,"column":36}},"1":{"start":{"line":2,"column":0},"end":{"line":2,"column":3}},"2":{"start":{"line":3,"column":0},"end":{"line":3,"column":77}},"3":{"start":{"line":4,"column":0},"end":{"line":4,"column":109}},"4":{"start":{"line":5,"column":0},"end":{"line":5,"column":215}},"5":{"start":{"line":6,"column":0},"end":{"line":6,"column":3}},"6":{"start":{"line":7,"column":0},"end":{"line":7,"column":48}},"7":{"start":{"line":8,"column":0},"end":{"line":8,"column":44}},"8":{"start":{"line":9,"column":0},"end":{"line":9,"column":37}},"9":{"start":{"line":10,"column":0},"end":{"line":10,"column":40}},"10":{"start":{"line":11,"column":0},"end":{"line":11,"column":58}},"11":{"start":{"line":12,"column":0},"end":{"line":12,"column":37}},"12":{"start":{"line":13,"column":0},"end":{"line":13,"column":36}},"13":{"start":{"line":14,"column":0},"end":{"line":14,"column":36}},"14":{"start":{"line":15,"column":0},"end":{"line":15,"column":20}},"15":{"start":{"line":16,"column":0},"end":{"line":16,"column":41}},"16":{"start":{"line":17,"column":0},"end":{"line":17,"column":36}},"17":{"start":{"line":18,"column":0},"end":{"line":18,"column":13}},"18":{"start":{"line":19,"column":0},"end":{"line":19,"column":11}},"19":{"start":{"line":20,"column":0},"end":{"line":20,"column":5}},"20":{"start":{"line":21,"column":0},"end":{"line":21,"column":102}},"21":{"start":{"line":22,"column":0},"end":{"line":22,"column":43}},"22":{"start":{"line":23,"column":0},"end":{"line":23,"column":38}},"23":{"start":{"line":24,"column":0},"end":{"line":24,"column":67}},"24":{"start":{"line":25,"column":0},"end":{"line":25,"column":37}},"25":{"start":{"line":26,"column":0},"end":{"line":26,"column":36}},"26":{"start":{"line":27,"column":0},"end":{"line":27,"column":36}},"27":{"start":{"line":28,"column":0},"end":{"line":28,"column":20}},"28":{"start":{"line":29,"column":0},"end":{"line":29,"column":41}},"29":{"start":{"line":30,"column":0},"end":{"line":30,"column":36}},"30":{"start":{"line":31,"column":0},"end":{"line":31,"column":13}},"31":{"start":{"line":32,"column":0},"end":{"line":32,"column":43}},"32":{"start":{"line":33,"column":0},"end":{"line":33,"column":9}},"33":{"start":{"line":34,"column":0},"end":{"line":34,"column":5}},"34":{"start":{"line":35,"column":0},"end":{"line":35,"column":10}},"35":{"start":{"line":36,"column":0},"end":{"line":36,"column":20}},"36":{"start":{"line":37,"column":0},"end":{"line":37,"column":5}},"37":{"start":{"line":38,"column":0},"end":{"line":38,"column":0}},"38":{"start":{"line":39,"column":0},"end":{"line":39,"column":16}},"39":{"start":{"line":40,"column":0},"end":{"line":40,"column":1}},"40":{"start":{"line":41,"column":0},"end":{"line":41,"column":0}},"41":{"start":{"line":42,"column":0},"end":{"line":42,"column":3}},"42":{"start":{"line":43,"column":0},"end":{"line":43,"column":57}},"43":{"start":{"line":44,"column":0},"end":{"line":44,"column":50}},"44":{"start":{"line":45,"column":0},"end":{"line":45,"column":45}},"45":{"start":{"line":46,"column":0},"end":{"line":46,"column":52}},"46":{"start":{"line":47,"column":0},"end":{"line":47,"column":3}},"47":{"start":{"line":48,"column":0},"end":{"line":48,"column":47}},"48":{"start":{"line":49,"column":0},"end":{"line":49,"column":73}},"49":{"start":{"line":50,"column":0},"end":{"line":50,"column":25}},"50":{"start":{"line":51,"column":0},"end":{"line":51,"column":0}},"51":{"start":{"line":52,"column":0},"end":{"line":52,"column":41}},"52":{"start":{"line":53,"column":0},"end":{"line":53,"column":29}},"53":{"start":{"line":54,"column":0},"end":{"line":54,"column":28}},"54":{"start":{"line":55,"column":0},"end":{"line":55,"column":28}},"55":{"start":{"line":56,"column":0},"end":{"line":56,"column":12}},"56":{"start":{"line":57,"column":0},"end":{"line":57,"column":33}},"57":{"start":{"line":58,"column":0},"end":{"line":58,"column":28}},"58":{"start":{"line":59,"column":0},"end":{"line":59,"column":5}},"59":{"start":{"line":60,"column":0},"end":{"line":60,"column":19}},"60":{"start":{"line":61,"column":0},"end":{"line":61,"column":1}},"61":{"start":{"line":62,"column":0},"end":{"line":62,"column":0}},"62":{"start":{"line":63,"column":0},"end":{"line":63,"column":0}},"63":{"start":{"line":64,"column":0},"end":{"line":64,"column":3}},"64":{"start":{"line":65,"column":0},"end":{"line":65,"column":38}},"65":{"start":{"line":66,"column":0},"end":{"line":66,"column":40}},"66":{"start":{"line":67,"column":0},"end":{"line":67,"column":60}},"67":{"start":{"line":68,"column":0},"end":{"line":68,"column":3}},"68":{"start":{"line":69,"column":0},"end":{"line":69,"column":38}},"69":{"start":{"line":70,"column":0},"end":{"line":70,"column":30}},"70":{"start":{"line":71,"column":0},"end":{"line":71,"column":47}},"71":{"start":{"line":72,"column":0},"end":{"line":72,"column":38}},"72":{"start":{"line":73,"column":0},"end":{"line":73,"column":5}},"73":{"start":{"line":74,"column":0},"end":{"line":74,"column":16}},"74":{"start":{"line":75,"column":0},"end":{"line":75,"column":1}},"75":{"start":{"line":76,"column":0},"end":{"line":76,"column":3}},"76":{"start":{"line":77,"column":0},"end":{"line":77,"column":79}},"77":{"start":{"line":78,"column":0},"end":{"line":78,"column":50}},"78":{"start":{"line":79,"column":0},"end":{"line":79,"column":89}},"79":{"start":{"line":80,"column":0},"end":{"line":80,"column":48}},"80":{"start":{"line":81,"column":0},"end":{"line":81,"column":40}},"81":{"start":{"line":82,"column":0},"end":{"line":82,"column":3}},"82":{"start":{"line":83,"column":0},"end":{"line":83,"column":64}},"83":{"start":{"line":84,"column":0},"end":{"line":84,"column":25}},"84":{"start":{"line":85,"column":0},"end":{"line":85,"column":32}},"85":{"start":{"line":86,"column":0},"end":{"line":86,"column":24}},"86":{"start":{"line":87,"column":0},"end":{"line":87,"column":34}},"87":{"start":{"line":88,"column":0},"end":{"line":88,"column":41}},"88":{"start":{"line":89,"column":0},"end":{"line":89,"column":65}},"89":{"start":{"line":90,"column":0},"end":{"line":90,"column":36}},"90":{"start":{"line":91,"column":0},"end":{"line":91,"column":36}},"91":{"start":{"line":92,"column":0},"end":{"line":92,"column":20}},"92":{"start":{"line":93,"column":0},"end":{"line":93,"column":40}},"93":{"start":{"line":94,"column":0},"end":{"line":94,"column":13}},"94":{"start":{"line":95,"column":0},"end":{"line":95,"column":24}},"95":{"start":{"line":96,"column":0},"end":{"line":96,"column":9}},"96":{"start":{"line":97,"column":0},"end":{"line":97,"column":31}},"97":{"start":{"line":98,"column":0},"end":{"line":98,"column":39}},"98":{"start":{"line":99,"column":0},"end":{"line":99,"column":5}},"99":{"start":{"line":100,"column":0},"end":{"line":100,"column":16}},"100":{"start":{"line":101,"column":0},"end":{"line":101,"column":1}},"101":{"start":{"line":102,"column":0},"end":{"line":102,"column":0}},"102":{"start":{"line":103,"column":0},"end":{"line":103,"column":3}},"103":{"start":{"line":104,"column":0},"end":{"line":104,"column":39}},"104":{"start":{"line":105,"column":0},"end":{"line":105,"column":50}},"105":{"start":{"line":106,"column":0},"end":{"line":106,"column":79}},"106":{"start":{"line":107,"column":0},"end":{"line":107,"column":3}},"107":{"start":{"line":108,"column":0},"end":{"line":108,"column":37}},"108":{"start":{"line":109,"column":0},"end":{"line":109,"column":25}},"109":{"start":{"line":110,"column":0},"end":{"line":110,"column":29}},"110":{"start":{"line":111,"column":0},"end":{"line":111,"column":21}},"111":{"start":{"line":112,"column":0},"end":{"line":112,"column":5}},"112":{"start":{"line":113,"column":0},"end":{"line":113,"column":34}},"113":{"start":{"line":114,"column":0},"end":{"line":114,"column":25}},"114":{"start":{"line":115,"column":0},"end":{"line":115,"column":25}},"115":{"start":{"line":116,"column":0},"end":{"line":116,"column":20}},"116":{"start":{"line":117,"column":0},"end":{"line":117,"column":5}},"117":{"start":{"line":118,"column":0},"end":{"line":118,"column":24}},"118":{"start":{"line":119,"column":0},"end":{"line":119,"column":36}},"119":{"start":{"line":120,"column":0},"end":{"line":120,"column":23}},"120":{"start":{"line":121,"column":0},"end":{"line":121,"column":5}},"121":{"start":{"line":122,"column":0},"end":{"line":122,"column":20}},"122":{"start":{"line":123,"column":0},"end":{"line":123,"column":20}},"123":{"start":{"line":124,"column":0},"end":{"line":124,"column":16}},"124":{"start":{"line":125,"column":0},"end":{"line":125,"column":1}},"125":{"start":{"line":126,"column":0},"end":{"line":126,"column":3}},"126":{"start":{"line":127,"column":0},"end":{"line":127,"column":78}},"127":{"start":{"line":128,"column":0},"end":{"line":128,"column":50}},"128":{"start":{"line":129,"column":0},"end":{"line":129,"column":54}},"129":{"start":{"line":130,"column":0},"end":{"line":130,"column":48}},"130":{"start":{"line":131,"column":0},"end":{"line":131,"column":69}},"131":{"start":{"line":132,"column":0},"end":{"line":132,"column":3}},"132":{"start":{"line":133,"column":0},"end":{"line":133,"column":59}},"133":{"start":{"line":134,"column":0},"end":{"line":134,"column":25}},"134":{"start":{"line":135,"column":0},"end":{"line":135,"column":30}},"135":{"start":{"line":136,"column":0},"end":{"line":136,"column":58}},"136":{"start":{"line":137,"column":0},"end":{"line":137,"column":54}},"137":{"start":{"line":138,"column":0},"end":{"line":138,"column":24}},"138":{"start":{"line":139,"column":0},"end":{"line":139,"column":37}},"139":{"start":{"line":140,"column":0},"end":{"line":140,"column":16}},"140":{"start":{"line":141,"column":0},"end":{"line":141,"column":32}},"141":{"start":{"line":142,"column":0},"end":{"line":142,"column":9}},"142":{"start":{"line":143,"column":0},"end":{"line":143,"column":28}},"143":{"start":{"line":144,"column":0},"end":{"line":144,"column":12}},"144":{"start":{"line":145,"column":0},"end":{"line":145,"column":65}},"145":{"start":{"line":146,"column":0},"end":{"line":146,"column":30}},"146":{"start":{"line":147,"column":0},"end":{"line":147,"column":5}},"147":{"start":{"line":148,"column":0},"end":{"line":148,"column":16}},"148":{"start":{"line":149,"column":0},"end":{"line":149,"column":1}},"149":{"start":{"line":150,"column":0},"end":{"line":150,"column":0}},"150":{"start":{"line":151,"column":0},"end":{"line":151,"column":3}},"151":{"start":{"line":152,"column":0},"end":{"line":152,"column":38}},"152":{"start":{"line":153,"column":0},"end":{"line":153,"column":47}},"153":{"start":{"line":154,"column":0},"end":{"line":154,"column":76}},"154":{"start":{"line":155,"column":0},"end":{"line":155,"column":3}},"155":{"start":{"line":156,"column":0},"end":{"line":156,"column":35}},"156":{"start":{"line":157,"column":0},"end":{"line":157,"column":21}},"157":{"start":{"line":158,"column":0},"end":{"line":158,"column":32}},"158":{"start":{"line":159,"column":0},"end":{"line":159,"column":34}},"159":{"start":{"line":160,"column":0},"end":{"line":160,"column":37}},"160":{"start":{"line":161,"column":0},"end":{"line":161,"column":39}},"161":{"start":{"line":162,"column":0},"end":{"line":162,"column":5}},"162":{"start":{"line":163,"column":0},"end":{"line":163,"column":17}},"163":{"start":{"line":164,"column":0},"end":{"line":164,"column":1}},"164":{"start":{"line":165,"column":0},"end":{"line":165,"column":3}},"165":{"start":{"line":166,"column":0},"end":{"line":166,"column":83}},"166":{"start":{"line":167,"column":0},"end":{"line":167,"column":50}},"167":{"start":{"line":168,"column":0},"end":{"line":168,"column":125}},"168":{"start":{"line":169,"column":0},"end":{"line":169,"column":50}},"169":{"start":{"line":170,"column":0},"end":{"line":170,"column":3}},"170":{"start":{"line":171,"column":0},"end":{"line":171,"column":58}},"171":{"start":{"line":172,"column":0},"end":{"line":172,"column":40}},"172":{"start":{"line":173,"column":0},"end":{"line":173,"column":20}},"173":{"start":{"line":174,"column":0},"end":{"line":174,"column":5}},"174":{"start":{"line":175,"column":0},"end":{"line":175,"column":17}},"175":{"start":{"line":176,"column":0},"end":{"line":176,"column":4}},"176":{"start":{"line":177,"column":0},"end":{"line":177,"column":27}},"177":{"start":{"line":178,"column":0},"end":{"line":178,"column":22}},"178":{"start":{"line":179,"column":0},"end":{"line":179,"column":26}},"179":{"start":{"line":180,"column":0},"end":{"line":180,"column":28}},"180":{"start":{"line":181,"column":0},"end":{"line":181,"column":34}},"181":{"start":{"line":182,"column":0},"end":{"line":182,"column":9}},"182":{"start":{"line":183,"column":0},"end":{"line":183,"column":23}},"183":{"start":{"line":184,"column":0},"end":{"line":184,"column":5}},"184":{"start":{"line":185,"column":0},"end":{"line":185,"column":18}},"185":{"start":{"line":186,"column":0},"end":{"line":186,"column":1}},"186":{"start":{"line":187,"column":0},"end":{"line":187,"column":3}},"187":{"start":{"line":188,"column":0},"end":{"line":188,"column":70}},"188":{"start":{"line":189,"column":0},"end":{"line":189,"column":50}},"189":{"start":{"line":190,"column":0},"end":{"line":190,"column":52}},"190":{"start":{"line":191,"column":0},"end":{"line":191,"column":68}},"191":{"start":{"line":192,"column":0},"end":{"line":192,"column":3}},"192":{"start":{"line":193,"column":0},"end":{"line":193,"column":43}},"193":{"start":{"line":194,"column":0},"end":{"line":194,"column":24}},"194":{"start":{"line":195,"column":0},"end":{"line":195,"column":35}},"195":{"start":{"line":196,"column":0},"end":{"line":196,"column":24}},"196":{"start":{"line":197,"column":0},"end":{"line":197,"column":0}},"197":{"start":{"line":198,"column":0},"end":{"line":198,"column":34}},"198":{"start":{"line":199,"column":0},"end":{"line":199,"column":40}},"199":{"start":{"line":200,"column":0},"end":{"line":200,"column":36}},"200":{"start":{"line":201,"column":0},"end":{"line":201,"column":45}},"201":{"start":{"line":202,"column":0},"end":{"line":202,"column":41}},"202":{"start":{"line":203,"column":0},"end":{"line":203,"column":37}},"203":{"start":{"line":204,"column":0},"end":{"line":204,"column":17}},"204":{"start":{"line":205,"column":0},"end":{"line":205,"column":20}},"205":{"start":{"line":206,"column":0},"end":{"line":206,"column":49}},"206":{"start":{"line":207,"column":0},"end":{"line":207,"column":48}},"207":{"start":{"line":208,"column":0},"end":{"line":208,"column":41}},"208":{"start":{"line":209,"column":0},"end":{"line":209,"column":17}},"209":{"start":{"line":210,"column":0},"end":{"line":210,"column":13}},"210":{"start":{"line":211,"column":0},"end":{"line":211,"column":24}},"211":{"start":{"line":212,"column":0},"end":{"line":212,"column":9}},"212":{"start":{"line":213,"column":0},"end":{"line":213,"column":31}},"213":{"start":{"line":214,"column":0},"end":{"line":214,"column":39}},"214":{"start":{"line":215,"column":0},"end":{"line":215,"column":5}},"215":{"start":{"line":216,"column":0},"end":{"line":216,"column":17}},"216":{"start":{"line":217,"column":0},"end":{"line":217,"column":1}}},"s":{"0":1,"1":1,"2":1,"3":1,"4":1,"5":1,"6":1,"7":16,"8":16,"9":11,"10":34,"11":34,"12":9,"13":9,"14":34,"15":25,"16":25,"17":25,"18":11,"19":11,"20":5,"21":1,"22":1,"23":2,"24":2,"25":1,"26":1,"27":1,"28":1,"29":1,"30":1,"31":2,"32":2,"33":1,"34":4,"35":4,"36":4,"37":12,"38":12,"39":12,"40":1,"41":1,"42":1,"43":1,"44":1,"45":1,"46":1,"47":1,"48":4,"49":4,"50":4,"51":4,"52":4,"53":2,"54":2,"55":2,"56":2,"57":2,"58":2,"59":4,"60":4,"61":1,"62":1,"63":1,"64":1,"65":1,"66":1,"67":1,"68":1,"69":0,"70":0,"71":0,"72":0,"73":0,"74":0,"75":1,"76":1,"77":1,"78":1,"79":1,"80":1,"81":1,"82":1,"83":1,"84":1,"85":1,"86":1,"87":1,"88":1,"89":1,"90":1,"91":1,"92":0,"93":0,"94":1,"95":1,"96":0,"97":0,"98":0,"99":0,"100":0,"101":1,"102":1,"103":1,"104":1,"105":1,"106":1,"107":1,"108":3,"109":3,"110":1,"111":1,"112":3,"113":1,"114":1,"115":1,"116":1,"117":1,"118":1,"119":1,"120":1,"121":1,"122":1,"123":1,"124":1,"125":1,"126":1,"127":1,"128":1,"129":1,"130":1,"131":1,"132":1,"133":3,"134":3,"135":3,"136":1,"137":1,"138":1,"139":1,"140":0,"141":0,"142":1,"143":3,"144":2,"145":2,"146":2,"147":3,"148":3,"149":1,"150":1,"151":1,"152":1,"153":1,"154":1,"155":1,"156":14,"157":14,"158":14,"159":33,"160":33,"161":33,"162":14,"163":14,"164":1,"165":1,"166":1,"167":1,"168":1,"169":1,"170":1,"171":13,"172":5,"173":5,"174":8,"175":3,"176":3,"177":3,"178":3,"179":13,"180":5,"181":5,"182":13,"183":13,"184":3,"185":3,"186":1,"187":1,"188":1,"189":1,"190":1,"191":1,"192":1,"193":3,"194":3,"195":3,"196":3,"197":3,"198":4,"199":3,"200":2,"201":2,"202":1,"203":1,"204":3,"205":1,"206":1,"207":1,"208":1,"209":1,"210":3,"211":3,"212":1,"213":1,"214":1,"215":0,"216":0},"branchMap":{"0":{"type":"branch","line":7,"loc":{"start":{"line":7,"column":7},"end":{"line":40,"column":1}},"locations":[{"start":{"line":7,"column":7},"end":{"line":40,"column":1}}]},"1":{"type":"branch","line":9,"loc":{"start":{"line":9,"column":36},"end":{"line":20,"column":5}},"locations":[{"start":{"line":9,"column":36},"end":{"line":20,"column":5}}]},"2":{"type":"branch","line":21,"loc":{"start":{"line":21,"column":-2},"end":{"line":37,"column":5}},"locations":[{"start":{"line":21,"column":-2},"end":{"line":37,"column":5}}]},"3":{"type":"branch","line":21,"loc":{"start":{"line":21,"column":25},"end":{"line":21,"column":59}},"locations":[{"start":{"line":21,"column":25},"end":{"line":21,"column":59}}]},"4":{"type":"branch","line":21,"loc":{"start":{"line":21,"column":60},"end":{"line":21,"column":79}},"locations":[{"start":{"line":21,"column":60},"end":{"line":21,"column":79}}]},"5":{"type":"branch","line":21,"loc":{"start":{"line":21,"column":80},"end":{"line":21,"column":99}},"locations":[{"start":{"line":21,"column":80},"end":{"line":21,"column":99}}]},"6":{"type":"branch","line":21,"loc":{"start":{"line":21,"column":101},"end":{"line":34,"column":5}},"locations":[{"start":{"line":21,"column":101},"end":{"line":34,"column":5}}]},"7":{"type":"branch","line":23,"loc":{"start":{"line":23,"column":37},"end":{"line":33,"column":9}},"locations":[{"start":{"line":23,"column":37},"end":{"line":33,"column":9}}]},"8":{"type":"branch","line":25,"loc":{"start":{"line":25,"column":36},"end":{"line":31,"column":13}},"locations":[{"start":{"line":25,"column":36},"end":{"line":31,"column":13}}]},"9":{"type":"branch","line":35,"loc":{"start":{"line":35,"column":-2},"end":{"line":37,"column":5}},"locations":[{"start":{"line":35,"column":-2},"end":{"line":37,"column":5}}]},"10":{"type":"branch","line":38,"loc":{"start":{"line":38,"column":-2},"end":{"line":40,"column":1}},"locations":[{"start":{"line":38,"column":-2},"end":{"line":40,"column":1}}]},"11":{"type":"branch","line":10,"loc":{"start":{"line":10,"column":28},"end":{"line":19,"column":9}},"locations":[{"start":{"line":10,"column":28},"end":{"line":19,"column":9}}]},"12":{"type":"branch","line":12,"loc":{"start":{"line":12,"column":36},"end":{"line":15,"column":13}},"locations":[{"start":{"line":12,"column":36},"end":{"line":15,"column":13}}]},"13":{"type":"branch","line":15,"loc":{"start":{"line":15,"column":13},"end":{"line":18,"column":13}},"locations":[{"start":{"line":15,"column":13},"end":{"line":18,"column":13}}]},"14":{"type":"branch","line":48,"loc":{"start":{"line":48,"column":7},"end":{"line":61,"column":1}},"locations":[{"start":{"line":48,"column":7},"end":{"line":61,"column":1}}]},"15":{"type":"branch","line":53,"loc":{"start":{"line":53,"column":28},"end":{"line":59,"column":5}},"locations":[{"start":{"line":53,"column":28},"end":{"line":59,"column":5}}]},"16":{"type":"branch","line":83,"loc":{"start":{"line":83,"column":7},"end":{"line":101,"column":1}},"locations":[{"start":{"line":83,"column":7},"end":{"line":101,"column":1}}]},"17":{"type":"branch","line":92,"loc":{"start":{"line":92,"column":13},"end":{"line":94,"column":13}},"locations":[{"start":{"line":92,"column":13},"end":{"line":94,"column":13}}]},"18":{"type":"branch","line":97,"loc":{"start":{"line":97,"column":-2},"end":{"line":101,"column":1}},"locations":[{"start":{"line":97,"column":-2},"end":{"line":101,"column":1}}]},"19":{"type":"branch","line":108,"loc":{"start":{"line":108,"column":7},"end":{"line":125,"column":1}},"locations":[{"start":{"line":108,"column":7},"end":{"line":125,"column":1}}]},"20":{"type":"branch","line":110,"loc":{"start":{"line":110,"column":28},"end":{"line":112,"column":5}},"locations":[{"start":{"line":110,"column":28},"end":{"line":112,"column":5}}]},"21":{"type":"branch","line":113,"loc":{"start":{"line":113,"column":-2},"end":{"line":113,"column":33}},"locations":[{"start":{"line":113,"column":-2},"end":{"line":113,"column":33}}]},"22":{"type":"branch","line":113,"loc":{"start":{"line":113,"column":33},"end":{"line":125,"column":1}},"locations":[{"start":{"line":113,"column":33},"end":{"line":125,"column":1}}]},"23":{"type":"branch","line":133,"loc":{"start":{"line":133,"column":7},"end":{"line":149,"column":1}},"locations":[{"start":{"line":133,"column":7},"end":{"line":149,"column":1}}]},"24":{"type":"branch","line":136,"loc":{"start":{"line":136,"column":57},"end":{"line":144,"column":5}},"locations":[{"start":{"line":136,"column":57},"end":{"line":144,"column":5}}]},"25":{"type":"branch","line":140,"loc":{"start":{"line":140,"column":9},"end":{"line":142,"column":9}},"locations":[{"start":{"line":140,"column":9},"end":{"line":142,"column":9}}]},"26":{"type":"branch","line":144,"loc":{"start":{"line":144,"column":5},"end":{"line":147,"column":5}},"locations":[{"start":{"line":144,"column":5},"end":{"line":147,"column":5}}]},"27":{"type":"branch","line":156,"loc":{"start":{"line":156,"column":7},"end":{"line":164,"column":1}},"locations":[{"start":{"line":156,"column":7},"end":{"line":164,"column":1}}]},"28":{"type":"branch","line":159,"loc":{"start":{"line":159,"column":33},"end":{"line":162,"column":5}},"locations":[{"start":{"line":159,"column":33},"end":{"line":162,"column":5}}]},"29":{"type":"branch","line":171,"loc":{"start":{"line":171,"column":7},"end":{"line":186,"column":1}},"locations":[{"start":{"line":171,"column":7},"end":{"line":186,"column":1}}]},"30":{"type":"branch","line":179,"loc":{"start":{"line":179,"column":25},"end":{"line":184,"column":5}},"locations":[{"start":{"line":179,"column":25},"end":{"line":184,"column":5}}]},"31":{"type":"branch","line":180,"loc":{"start":{"line":180,"column":27},"end":{"line":182,"column":9}},"locations":[{"start":{"line":180,"column":27},"end":{"line":182,"column":9}}]},"32":{"type":"branch","line":171,"loc":{"start":{"line":171,"column":47},"end":{"line":176,"column":2}},"locations":[{"start":{"line":171,"column":47},"end":{"line":176,"column":2}}]},"33":{"type":"branch","line":172,"loc":{"start":{"line":172,"column":39},"end":{"line":174,"column":5}},"locations":[{"start":{"line":172,"column":39},"end":{"line":174,"column":5}}]},"34":{"type":"branch","line":175,"loc":{"start":{"line":175,"column":-2},"end":{"line":176,"column":2}},"locations":[{"start":{"line":175,"column":-2},"end":{"line":176,"column":2}}]},"35":{"type":"branch","line":193,"loc":{"start":{"line":193,"column":7},"end":{"line":217,"column":1}},"locations":[{"start":{"line":193,"column":7},"end":{"line":217,"column":1}}]},"36":{"type":"branch","line":198,"loc":{"start":{"line":198,"column":33},"end":{"line":215,"column":5}},"locations":[{"start":{"line":198,"column":33},"end":{"line":215,"column":5}}]},"37":{"type":"branch","line":199,"loc":{"start":{"line":199,"column":39},"end":{"line":212,"column":9}},"locations":[{"start":{"line":199,"column":39},"end":{"line":212,"column":9}}]},"38":{"type":"branch","line":200,"loc":{"start":{"line":200,"column":35},"end":{"line":205,"column":13}},"locations":[{"start":{"line":200,"column":35},"end":{"line":205,"column":13}}]},"39":{"type":"branch","line":202,"loc":{"start":{"line":202,"column":40},"end":{"line":204,"column":17}},"locations":[{"start":{"line":202,"column":40},"end":{"line":204,"column":17}}]},"40":{"type":"branch","line":205,"loc":{"start":{"line":205,"column":13},"end":{"line":210,"column":13}},"locations":[{"start":{"line":205,"column":13},"end":{"line":210,"column":13}}]},"41":{"type":"branch","line":213,"loc":{"start":{"line":213,"column":-2},"end":{"line":215,"column":5}},"locations":[{"start":{"line":213,"column":-2},"end":{"line":215,"column":5}}]},"42":{"type":"branch","line":216,"loc":{"start":{"line":216,"column":-2},"end":{"line":217,"column":1}},"locations":[{"start":{"line":216,"column":-2},"end":{"line":217,"column":1}}]}},"b":{"0":[16],"1":[11],"2":[5],"3":[1],"4":[1],"5":[1],"6":[1],"7":[2],"8":[1],"9":[4],"10":[12],"11":[34],"12":[9],"13":[25],"14":[4],"15":[2],"16":[1],"17":[0],"18":[0],"19":[3],"20":[1],"21":[2],"22":[1],"23":[3],"24":[1],"25":[0],"26":[2],"27":[14],"28":[33],"29":[3],"30":[13],"31":[5],"32":[13],"33":[5],"34":[8],"35":[3],"36":[4],"37":[3],"38":[2],"39":[1],"40":[1],"41":[1],"42":[0]},"fnMap":{"0":{"name":"createList","decl":{"start":{"line":7,"column":7},"end":{"line":40,"column":1}},"loc":{"start":{"line":7,"column":7},"end":{"line":40,"column":1}},"line":7},"1":{"name":"addItemsToList","decl":{"start":{"line":48,"column":7},"end":{"line":61,"column":1}},"loc":{"start":{"line":48,"column":7},"end":{"line":61,"column":1}},"line":48},"2":{"name":"listFromArray","decl":{"start":{"line":69,"column":7},"end":{"line":75,"column":1}},"loc":{"start":{"line":69,"column":7},"end":{"line":75,"column":1}},"line":69},"3":{"name":"insertBeforeNode","decl":{"start":{"line":83,"column":7},"end":{"line":101,"column":1}},"loc":{"start":{"line":83,"column":7},"end":{"line":101,"column":1}},"line":83},"4":{"name":"removeLast","decl":{"start":{"line":108,"column":7},"end":{"line":125,"column":1}},"loc":{"start":{"line":108,"column":7},"end":{"line":125,"column":1}},"line":108},"5":{"name":"insertAfter","decl":{"start":{"line":133,"column":7},"end":{"line":149,"column":1}},"loc":{"start":{"line":133,"column":7},"end":{"line":149,"column":1}},"line":133},"6":{"name":"listToArray","decl":{"start":{"line":156,"column":7},"end":{"line":164,"column":1}},"loc":{"start":{"line":156,"column":7},"end":{"line":164,"column":1}},"line":156},"7":{"name":"filterList","decl":{"start":{"line":171,"column":7},"end":{"line":186,"column":1}},"loc":{"start":{"line":171,"column":7},"end":{"line":186,"column":1}},"line":171},"8":{"name":"isString","decl":{"start":{"line":171,"column":47},"end":{"line":176,"column":2}},"loc":{"start":{"line":171,"column":47},"end":{"line":176,"column":2}},"line":171},"9":{"name":"removeItem","decl":{"start":{"line":193,"column":7},"end":{"line":217,"column":1}},"loc":{"start":{"line":193,"column":7},"end":{"line":217,"column":1}},"line":193}},"f":{"0":16,"1":4,"2":0,"3":1,"4":3,"5":3,"6":14,"7":3,"8":13,"9":3}}
,"/root/tdd/cc-5-assignment-1/src/prime.js": {"path":"/root/tdd/cc-5-assignment-1/src/prime.js","all":true,"statementMap":{"0":{"start":{"line":1,"column":0},"end":{"line":1,"column":28}},"1":{"start":{"line":2,"column":0},"end":{"line":2,"column":86}},"2":{"start":{"line":3,"column":0},"end":{"line":3,"column":0}},"3":{"start":{"line":4,"column":0},"end":{"line":4,"column":23}},"4":{"start":{"line":5,"column":0},"end":{"line":5,"column":19}},"5":{"start":{"line":6,"column":0},"end":{"line":6,"column":53}},"6":{"start":{"line":7,"column":0},"end":{"line":7,"column":63}},"7":{"start":{"line":8,"column":0},"end":{"line":8,"column":48}},"8":{"start":{"line":9,"column":0},"end":{"line":9,"column":24}},"9":{"start":{"line":10,"column":0},"end":{"line":10,"column":19}},"10":{"start":{"line":11,"column":0},"end":{"line":11,"column":5}},"11":{"start":{"line":12,"column":0},"end":{"line":12,"column":3}},"12":{"start":{"line":13,"column":0},"end":{"line":13,"column":0}},"13":{"start":{"line":14,"column":0},"end":{"line":14,"column":14}},"14":{"start":{"line":15,"column":0},"end":{"line":15,"column":1}},"15":{"start":{"line":16,"column":0},"end":{"line":16,"column":0}},"16":{"start":{"line":17,"column":0},"end":{"line":17,"column":52}},"17":{"start":{"line":18,"column":0},"end":{"line":18,"column":40}},"18":{"start":{"line":19,"column":0},"end":{"line":19,"column":40}},"19":{"start":{"line":20,"column":0},"end":{"line":20,"column":54}},"20":{"start":{"line":21,"column":0},"end":{"line":21,"column":55}},"21":{"start":{"line":22,"column":0},"end":{"line":22,"column":40}},"22":{"start":{"line":23,"column":0},"end":{"line":23,"column":45}},"23":{"start":{"line":24,"column":0},"end":{"line":24,"column":61}},"24":{"start":{"line":25,"column":0},"end":{"line":25,"column":64}},"25":{"start":{"line":26,"column":0},"end":{"line":26,"column":52}},"26":{"start":{"line":27,"column":0},"end":{"line":27,"column":55}},"27":{"start":{"line":28,"column":0},"end":{"line":28,"column":58}},"28":{"start":{"line":29,"column":0},"end":{"line":29,"column":39}},"29":{"start":{"line":30,"column":0},"end":{"line":30,"column":38}},"30":{"start":{"line":31,"column":0},"end":{"line":31,"column":0}},"31":{"start":{"line":32,"column":0},"end":{"line":32,"column":82}},"32":{"start":{"line":33,"column":0},"end":{"line":33,"column":0}},"33":{"start":{"line":34,"column":0},"end":{"line":34,"column":37}},"34":{"start":{"line":35,"column":0},"end":{"line":35,"column":65}},"35":{"start":{"line":36,"column":0},"end":{"line":36,"column":55}},"36":{"start":{"line":37,"column":0},"end":{"line":37,"column":16}},"37":{"start":{"line":38,"column":0},"end":{"line":38,"column":27}},"38":{"start":{"line":39,"column":0},"end":{"line":39,"column":40}},"39":{"start":{"line":40,"column":0},"end":{"line":40,"column":25}},"40":{"start":{"line":41,"column":0},"end":{"line":41,"column":32}},"41":{"start":{"line":42,"column":0},"end":{"line":42,"column":5}},"42":{"start":{"line":43,"column":0},"end":{"line":43,"column":15}},"43":{"start":{"line":44,"column":0},"end":{"line":44,"column":3}},"44":{"start":{"line":45,"column":0},"end":{"line":45,"column":23}},"45":{"start":{"line":46,"column":0},"end":{"line":46,"column":1}},"46":{"start":{"line":47,"column":0},"end":{"line":47,"column":0}},"47":{"start":{"line":48,"column":0},"end":{"line":48,"column":0}},"48":{"start":{"line":49,"column":0},"end":{"line":49,"column":52}},"49":{"start":{"line":50,"column":0},"end":{"line":50,"column":52}},"50":{"start":{"line":51,"column":0},"end":{"line":51,"column":51}}},"s":{"0":0,"1":0,"2":0,"3":0,"4":0,"5":0,"6":0,"7":0,"8":0,"9":0,"10":0,"11":0,"12":0,"13":0,"14":0,"15":0,"16":0,"17":0,"18":0,"19":0,"20":0,"21":0,"22":0,"23":0,"24":0,"25":0,"26":0,"27":0,"28":0,"29":0,"30":0,"31":0,"32":0,"33":0,"34":0,"35":0,"36":0,"37":0,"38":0,"39":0,"40":0,"41":0,"42":0,"43":0,"44":0,"45":0,"46":0,"47":0,"48":0,"49":0,"50":0},"branchMap":{"0":{"type":"branch","line":1,"loc":{"start":{"line":1,"column":0},"end":{"line":51,"column":51}},"locations":[{"start":{"line":1,"column":0},"end":{"line":51,"column":51}}]}},"b":{"0":[0]},"fnMap":{"0":{"name":"(empty-report)","decl":{"start":{"line":1,"column":0},"end":{"line":51,"column":51}},"loc":{"start":{"line":1,"column":0},"end":{"line":51,"column":51}},"line":1}},"f":{"0":0}}
}
